<?xml version="1.0" encoding="UTF-8"?>
<!-- Generated by org.testng.reporters.JUnitReportReporter -->
<testsuite hostname="DESKTOP-VTBT3RG" failures="0" tests="2" name="Testcase.MakeMyTripSearchPOM" time="46.062" errors="0" timestamp="2024-02-07T09:57:42 IST" skipped="0">
  <testcase classname="Testcase.MakeMyTripSearchPOM" name="ValidSearch" time="44.862"/>
  <testcase classname="Testcase.MakeMyTripSearchPOM" name="ValidatesameCityError" time="1.200"/>
</testsuite> <!-- Testcase.MakeMyTripSearchPOM -->
