<?xml version="1.0" encoding="UTF-8"?>
<!-- Generated by org.testng.reporters.JUnitReportReporter -->
<testsuite hostname="DESKTOP-VTBT3RG" failures="0" tests="2" name="Testcase.MakeMyTripSearchPOM" time="22.826" errors="0" timestamp="2024-02-14T09:22:58 IST" skipped="0">
  <testcase classname="Testcase.MakeMyTripSearchPOM" name="ValidSearch" time="21.445"/>
  <testcase classname="Testcase.MakeMyTripSearchPOM" name="ValidatesameCityError" time="1.381"/>
</testsuite> <!-- Testcase.MakeMyTripSearchPOM -->
