<?xml version="1.0" encoding="UTF-8"?>
<!-- Generated by org.testng.reporters.JUnitReportReporter -->
<testsuite hostname="DESKTOP-VTBT3RG" failures="0" tests="2" name="TestNgBasics.TestNgFirstclass" time="0.040" errors="0" timestamp="2024-02-01T09:55:30 IST" skipped="0">
  <testcase classname="TestNgBasics.TestNgFirstclass" name="testcase2" time="0.005"/>
  <testcase classname="TestNgBasics.TestNgFirstclass" name="testcase1" time="0.035"/>
</testsuite> <!-- TestNgBasics.TestNgFirstclass -->
