<?xml version="1.0" encoding="UTF-8"?>
<!-- Generated by org.testng.reporters.JUnitReportReporter -->
<testsuite hostname="DESKTOP-VTBT3RG" failures="0" tests="1" name="TestNgBasics.TestNgSecondClass" time="0.002" errors="0" timestamp="2024-02-02T09:31:50 IST" skipped="0">
  <testcase classname="TestNgBasics.TestNgSecondClass" name="testcase3" time="0.002"/>
</testsuite> <!-- TestNgBasics.TestNgSecondClass -->
