<?xml version="1.0" encoding="UTF-8"?>
<!-- Generated by org.testng.reporters.JUnitReportReporter -->
<testsuite hostname="DESKTOP-VTBT3RG" failures="0" tests="1" name="Testcase.MakeMyTripSearch" time="0.023" errors="0" timestamp="2024-02-02T09:51:26 IST" skipped="0">
  <testcase classname="Testcase.MakeMyTripSearch" name="ValidSearch" time="0.023"/>
</testsuite> <!-- Testcase.MakeMyTripSearch -->
